2024-07-22T04:30:36.400Z info: Connected to the database
2024-07-22T05:02:33.070Z info: Connected to the database
2024-07-22T05:21:49.748Z info: Connected to the database
2024-07-22T05:50:24.281Z info: Connected to the database
2024-07-22T05:50:43.944Z info: Connected to the database
2024-07-22T06:09:02.367Z info: Connected to the database
2024-07-22 15:23:32 [info]: Server is running on port 3000
2024-07-22T09:53:32.300Z info: Connected to the database
2024-07-22 15:28:07 [info]: POST /createaccount
2024-07-22 15:28:07 [error]: Error creating account: Unknown column 'password' in 'field list' {"code":"ER_BAD_FIELD_ERROR","errno":1054,"sqlState":"42S22","sqlMessage":"Unknown column 'password' in 'field list'","sql":"INSERT INTO CreateAccountDetails (email, password) VALUES ('dummy@gmail.com', '$2b$10$nF.NuC4J5o37zlnZE0JnYOSZLcaBLDLwVT4Ta0MVzNDryXEQFBz7W')","stack":"Error: Unknown column 'password' in 'field list'\n    at Packet.asError (C:\\Users\\EMAIL\\NamasteIndia\\node_modules\\mysql2\\lib\\packets\\packet.js:728:17)\n    at Query.execute (C:\\Users\\EMAIL\\NamasteIndia\\node_modules\\mysql2\\lib\\commands\\command.js:29:26)\n    at Connection.handlePacket (C:\\Users\\EMAIL\\NamasteIndia\\node_modules\\mysql2\\lib\\connection.js:481:34)\n    at PacketParser.onPacket (C:\\Users\\EMAIL\\NamasteIndia\\node_modules\\mysql2\\lib\\connection.js:97:12)\n    at PacketParser.executeStart (C:\\Users\\EMAIL\\NamasteIndia\\node_modules\\mysql2\\lib\\packet_parser.js:75:16)\n    at Socket.<anonymous> (C:\\Users\\EMAIL\\NamasteIndia\\node_modules\\mysql2\\lib\\connection.js:104:25)\n    at Socket.emit (node:events:519:28)\n    at addChunk (node:internal/streams/readable:559:12)\n    at readableAddChunkPushByteMode (node:internal/streams/readable:510:3)\n    at Readable.push (node:internal/streams/readable:390:5)"}
2024-07-22 15:28:28 [info]: POST /createaccount
2024-07-22 15:28:28 [error]: Error creating account: Unknown column 'password' in 'field list' {"code":"ER_BAD_FIELD_ERROR","errno":1054,"sqlState":"42S22","sqlMessage":"Unknown column 'password' in 'field list'","sql":"INSERT INTO CreateAccountDetails (email, password) VALUES ('dummy@gmail.com', '$2b$10$1pME88mrz7ijY4TofAyih.B48ZhHqS3PZvoU/L511mhJ5MEEVY5SG')","stack":"Error: Unknown column 'password' in 'field list'\n    at Packet.asError (C:\\Users\\EMAIL\\NamasteIndia\\node_modules\\mysql2\\lib\\packets\\packet.js:728:17)\n    at Query.execute (C:\\Users\\EMAIL\\NamasteIndia\\node_modules\\mysql2\\lib\\commands\\command.js:29:26)\n    at Connection.handlePacket (C:\\Users\\EMAIL\\NamasteIndia\\node_modules\\mysql2\\lib\\connection.js:481:34)\n    at PacketParser.onPacket (C:\\Users\\EMAIL\\NamasteIndia\\node_modules\\mysql2\\lib\\connection.js:97:12)\n    at PacketParser.executeStart (C:\\Users\\EMAIL\\NamasteIndia\\node_modules\\mysql2\\lib\\packet_parser.js:75:16)\n    at Socket.<anonymous> (C:\\Users\\EMAIL\\NamasteIndia\\node_modules\\mysql2\\lib\\connection.js:104:25)\n    at Socket.emit (node:events:519:28)\n    at addChunk (node:internal/streams/readable:559:12)\n    at readableAddChunkPushByteMode (node:internal/streams/readable:510:3)\n    at Readable.push (node:internal/streams/readable:390:5)"}
2024-07-22 15:39:25 [info]: Server is running on port 3000
2024-07-22T10:09:25.069Z info: Connected to the database
2024-07-22 15:44:45 [info]: GET /login
2024-07-22 15:48:54 [info]: Server is running on port 3000
2024-07-22T10:18:54.103Z info: Connected to the database
2024-07-22 15:54:42 [info]: Server is running on port 3000
2024-07-22T10:24:42.864Z info: Connected to the database
2024-07-22 15:55:46 [info]: POST /login
2024-07-22 15:55:46 [info]: Incoming POST request to /login: {"email":"tdivyatripathi@gmail.com","password":"abcd"}
2024-07-22 16:18:39 [info]: POST /createaccount
2024-07-22 16:18:39 [error]: Error creating account: Unknown column 'password' in 'field list' {"code":"ER_BAD_FIELD_ERROR","errno":1054,"sqlState":"42S22","sqlMessage":"Unknown column 'password' in 'field list'","sql":"INSERT INTO CreateAccountDetails (email, password) VALUES ('dummy@gmail.com', '$2b$10$xp4wNbSK2v/ssNDL8qQl.eFc2/sAIfBsQv1PQ6YCA4HoTy.Kzu0Ay')","stack":"Error: Unknown column 'password' in 'field list'\n    at Packet.asError (C:\\Users\\EMAIL\\NamasteIndia\\node_modules\\mysql2\\lib\\packets\\packet.js:728:17)\n    at Query.execute (C:\\Users\\EMAIL\\NamasteIndia\\node_modules\\mysql2\\lib\\commands\\command.js:29:26)\n    at Connection.handlePacket (C:\\Users\\EMAIL\\NamasteIndia\\node_modules\\mysql2\\lib\\connection.js:481:34)\n    at PacketParser.onPacket (C:\\Users\\EMAIL\\NamasteIndia\\node_modules\\mysql2\\lib\\connection.js:97:12)\n    at PacketParser.executeStart (C:\\Users\\EMAIL\\NamasteIndia\\node_modules\\mysql2\\lib\\packet_parser.js:75:16)\n    at Socket.<anonymous> (C:\\Users\\EMAIL\\NamasteIndia\\node_modules\\mysql2\\lib\\connection.js:104:25)\n    at Socket.emit (node:events:519:28)\n    at addChunk (node:internal/streams/readable:559:12)\n    at readableAddChunkPushByteMode (node:internal/streams/readable:510:3)\n    at Readable.push (node:internal/streams/readable:390:5)"}
2024-07-22 16:19:18 [info]: POST /createaccount
2024-07-22 16:19:18 [error]: Error creating account: Unknown column 'password' in 'field list' {"code":"ER_BAD_FIELD_ERROR","errno":1054,"sqlState":"42S22","sqlMessage":"Unknown column 'password' in 'field list'","sql":"INSERT INTO CreateAccountDetails (email, password) VALUES ('dummy@gmail.com', '$2b$10$xFC0K8igaqFLGMiT0F5ege8rSsOn8YczfZ8hp3o9J69Vimc5jCNC6')","stack":"Error: Unknown column 'password' in 'field list'\n    at Packet.asError (C:\\Users\\EMAIL\\NamasteIndia\\node_modules\\mysql2\\lib\\packets\\packet.js:728:17)\n    at Query.execute (C:\\Users\\EMAIL\\NamasteIndia\\node_modules\\mysql2\\lib\\commands\\command.js:29:26)\n    at Connection.handlePacket (C:\\Users\\EMAIL\\NamasteIndia\\node_modules\\mysql2\\lib\\connection.js:481:34)\n    at PacketParser.onPacket (C:\\Users\\EMAIL\\NamasteIndia\\node_modules\\mysql2\\lib\\connection.js:97:12)\n    at PacketParser.executeStart (C:\\Users\\EMAIL\\NamasteIndia\\node_modules\\mysql2\\lib\\packet_parser.js:75:16)\n    at Socket.<anonymous> (C:\\Users\\EMAIL\\NamasteIndia\\node_modules\\mysql2\\lib\\connection.js:104:25)\n    at Socket.emit (node:events:519:28)\n    at addChunk (node:internal/streams/readable:559:12)\n    at readableAddChunkPushByteMode (node:internal/streams/readable:510:3)\n    at Readable.push (node:internal/streams/readable:390:5)"}
2024-07-22 16:23:48 [info]: POST /createaccount
2024-07-22 16:23:48 [error]: Error creating account: Unknown column 'password' in 'field list' {"code":"ER_BAD_FIELD_ERROR","errno":1054,"sqlState":"42S22","sqlMessage":"Unknown column 'password' in 'field list'","sql":"INSERT INTO CreateAccountDetails (email, password) VALUES ('dummy@gmail.com', '$2b$10$prHtR1uVV0Iqa261wLvEce6qm2Nhm1IRzU4CBiqsLm0wwhXUisMOG')","stack":"Error: Unknown column 'password' in 'field list'\n    at Packet.asError (C:\\Users\\EMAIL\\NamasteIndia\\node_modules\\mysql2\\lib\\packets\\packet.js:728:17)\n    at Query.execute (C:\\Users\\EMAIL\\NamasteIndia\\node_modules\\mysql2\\lib\\commands\\command.js:29:26)\n    at Connection.handlePacket (C:\\Users\\EMAIL\\NamasteIndia\\node_modules\\mysql2\\lib\\connection.js:481:34)\n    at PacketParser.onPacket (C:\\Users\\EMAIL\\NamasteIndia\\node_modules\\mysql2\\lib\\connection.js:97:12)\n    at PacketParser.executeStart (C:\\Users\\EMAIL\\NamasteIndia\\node_modules\\mysql2\\lib\\packet_parser.js:75:16)\n    at Socket.<anonymous> (C:\\Users\\EMAIL\\NamasteIndia\\node_modules\\mysql2\\lib\\connection.js:104:25)\n    at Socket.emit (node:events:519:28)\n    at addChunk (node:internal/streams/readable:559:12)\n    at readableAddChunkPushByteMode (node:internal/streams/readable:510:3)\n    at Readable.push (node:internal/streams/readable:390:5)"}
2024-07-22 16:39:15 [info]: Server is running on port 4000
2024-07-22T11:09:15.645Z info: Connected to the database
2024-07-22 16:40:49 [info]: POST /createaccount
2024-07-22 16:46:39 [info]: Server is running on port 3000
2024-07-22T11:16:39.151Z info: Connected to the database
2024-07-22 17:00:38 [info]: Server is running on port 3000
2024-07-22T11:30:38.761Z info: Connected to the database
2024-07-22 17:04:18 [info]: POST /login
2024-07-22 17:04:18 [info]: Incoming POST request to /login: {"email":"tdivyatripathi@gmail.com","password":"abcd"}
2024-07-23 08:42:18 [info]: Server is running on port 4000
2024-07-23T03:12:18.913Z info: Connected to the database
2024-07-23 08:49:38 [info]: Server is running on port 3000
2024-07-23T03:19:38.908Z info: Connected to the database
2024-07-23 08:51:59 [info]: POST /login
2024-07-23 08:51:59 [info]: Incoming POST request to /login: {"email":"tdivyatripathi@gmail.com","password":"abcd"}
2024-07-23T03:43:15.786Z [info]: Server is running on port 4000
2024-07-23T03:43:18.465Z error: Error connecting to the database: getaddrinfo ENOTFOUND 3306
2024-07-23T03:48:26.024Z [info]: Server is running on port 4000
2024-07-23T03:48:26.086Z info: Connected to the database
2024-07-23T03:49:11.011Z [info]: POST /createaccount
2024-07-23T03:49:11.228Z [error]: Error creating account: Unknown column 'password' in 'field list'
2024-07-23T03:50:22.903Z [info]: GET /
2024-07-23T03:59:07.907Z [info]: POST /createaccount
2024-07-23T03:59:07.973Z [error]: Error creating account: Unknown column 'password' in 'field list'
2024-07-23T04:08:10.969Z [info]: POST /createaccount
2024-07-23T04:08:11.037Z [error]: Error creating account: Unknown column 'password' in 'field list'
2024-07-23T04:12:30.663Z [info]: POST /createaccount
2024-07-23T04:12:30.736Z [error]: Error creating account: Unknown column 'password' in 'field list'
2024-07-23T04:14:15.751Z [info]: GET /createaccount
2024-07-23T04:17:58.815Z [info]: GET /createaccount
2024-07-23T04:18:44.645Z [info]: POST /createaccount
2024-07-23T04:18:44.728Z [error]: Error creating account: Unknown column 'password' in 'field list'
2024-07-23T04:20:31.320Z [info]: POST /createaccount
2024-07-23T04:20:31.397Z [error]: Error creating account: Unknown column 'password' in 'field list'
2024-07-23 10:07:23 [info]: Server is running on port 4000
2024-07-23T04:37:23.928Z info: Connected to the database
2024-07-23 10:07:36 [info]: GET /createaccount
2024-07-23 10:09:37 [info]: POST /createaccount
2024-07-23 10:09:37 [error]: Error creating account: Data too long for column 'pass' at row 1 {"code":"ER_DATA_TOO_LONG","errno":1406,"sqlState":"22001","sqlMessage":"Data too long for column 'pass' at row 1","sql":"INSERT INTO CreateAccountDetails (email, pass) VALUES ('test@example.com', '$2b$10$biaS28NQH6JKPclok22lCusm7TVxztNoF4ovmACS.mf19jkJ2mY1G')","stack":"Error: Data too long for column 'pass' at row 1\n    at Packet.asError (C:\\Users\\EMAIL\\NamasteIndia\\node_modules\\mysql2\\lib\\packets\\packet.js:728:17)\n    at Query.execute (C:\\Users\\EMAIL\\NamasteIndia\\node_modules\\mysql2\\lib\\commands\\command.js:29:26)\n    at Connection.handlePacket (C:\\Users\\EMAIL\\NamasteIndia\\node_modules\\mysql2\\lib\\connection.js:481:34)\n    at PacketParser.onPacket (C:\\Users\\EMAIL\\NamasteIndia\\node_modules\\mysql2\\lib\\connection.js:97:12)\n    at PacketParser.executeStart (C:\\Users\\EMAIL\\NamasteIndia\\node_modules\\mysql2\\lib\\packet_parser.js:75:16)\n    at Socket.<anonymous> (C:\\Users\\EMAIL\\NamasteIndia\\node_modules\\mysql2\\lib\\connection.js:104:25)\n    at Socket.emit (node:events:519:28)\n    at addChunk (node:internal/streams/readable:559:12)\n    at readableAddChunkPushByteMode (node:internal/streams/readable:510:3)\n    at Readable.push (node:internal/streams/readable:390:5)"}
2024-07-23 10:13:03 [info]: POST /createaccount
2024-07-23 10:13:03 [error]: Error creating account: Data too long for column 'pass' at row 1 {"code":"ER_DATA_TOO_LONG","errno":1406,"sqlState":"22001","sqlMessage":"Data too long for column 'pass' at row 1","sql":"INSERT INTO CreateAccountDetails (email, pass) VALUES ('test@example.com', '$2b$10$JUv7m60NGBpSmmDif8ULgeCHZghbQFOu4sSx1LEddp7MrxKudfmYm')","stack":"Error: Data too long for column 'pass' at row 1\n    at Packet.asError (C:\\Users\\EMAIL\\NamasteIndia\\node_modules\\mysql2\\lib\\packets\\packet.js:728:17)\n    at Query.execute (C:\\Users\\EMAIL\\NamasteIndia\\node_modules\\mysql2\\lib\\commands\\command.js:29:26)\n    at Connection.handlePacket (C:\\Users\\EMAIL\\NamasteIndia\\node_modules\\mysql2\\lib\\connection.js:481:34)\n    at PacketParser.onPacket (C:\\Users\\EMAIL\\NamasteIndia\\node_modules\\mysql2\\lib\\connection.js:97:12)\n    at PacketParser.executeStart (C:\\Users\\EMAIL\\NamasteIndia\\node_modules\\mysql2\\lib\\packet_parser.js:75:16)\n    at Socket.<anonymous> (C:\\Users\\EMAIL\\NamasteIndia\\node_modules\\mysql2\\lib\\connection.js:104:25)\n    at Socket.emit (node:events:519:28)\n    at addChunk (node:internal/streams/readable:559:12)\n    at readableAddChunkPushByteMode (node:internal/streams/readable:510:3)\n    at Readable.push (node:internal/streams/readable:390:5)"}
2024-07-23 10:16:05 [info]: Server is running on port 4000
2024-07-23T04:46:05.386Z info: Connected to the database
2024-07-23 10:41:45 [info]: POST /createaccount
2024-07-23 10:41:45 [info]: Account created for dummy@gmail.com
2024-07-23 10:49:27 [info]: POST /createaccount
2024-07-23 10:49:27 [info]: Account created for myacc@gmail.com
2024-07-23 11:01:19 [info]: POST /createaccount
2024-07-23 11:01:19 [info]: Account created for abcd@gmail.com
2024-07-23 11:16:39 [info]: POST /createaccount
2024-07-23 11:16:39 [info]: Account created for didi@gmail.com
2024-07-23 15:29:25 [info]: Server is running on port 3000
2024-07-23T09:59:25.429Z info: Connected to the database
2024-07-23 15:32:41 [info]: Server is running on port 3000
2024-07-23T10:02:41.061Z info: Connected to the database
2024-07-23 15:38:51 [info]: Server is running on port 3000
2024-07-23T10:08:51.482Z info: Connected to the database
2024-07-23 15:45:56 [info]: Server is running on port 3000
2024-07-23T10:15:56.982Z info: Connected to the database
2024-07-23 16:12:52 [info]: Server is running on port 3000
2024-07-23T10:42:52.154Z info: Connected to the database
2024-07-23 16:15:12 [info]: POST /login
2024-07-23 16:15:12 [info]: Incoming POST request to /login: {"email":"tdivyatripathi@gmail.com","password":"abcd"}
2024-07-23 16:16:22 [info]: POST /login
2024-07-23 16:16:22 [info]: Incoming POST request to /login: {"email":"tdivyatripathi@gmail.com","password":"abcd"}
2024-07-23 16:33:55 [info]: Server is running on port 4000
2024-07-23T11:03:55.178Z info: Connected to the database
2024-07-23 16:42:19 [info]: Server is running on port 4000
2024-07-23T11:12:19.980Z info: Connected to the database
2024-07-23 16:51:51 [info]: Server is running on port 4000
2024-07-23T11:21:51.968Z info: Connected to the database
2024-07-23 17:01:24 [info]: Server is running on port 4000
2024-07-23T11:31:24.360Z info: Connected to the database
2024-07-23 17:13:46 [info]: Server is running on port 4000
2024-07-23T11:43:46.684Z info: Connected to the database
2024-07-23 17:14:02 [info]: Server is running on port 4000
2024-07-23T11:44:02.231Z info: Connected to the database
2024-07-24 10:52:24 [info]: Server is running on port 3000
2024-07-24T05:22:24.169Z info: Connected to the database
2024-07-24 10:52:52 [info]: POST /login
2024-07-24 10:52:52 [info]: Incoming POST request to /login: {"email":"tdivyatripathi@gmail.com","password":"abcd"}
2024-07-24 10:54:20 [info]: Server is running on port 4000
2024-07-24T05:24:20.631Z info: Connected to the database
2024-07-24 11:21:48 [info]: Server is running on port 3000
2024-07-24T05:51:48.396Z info: Connected to the database
2024-07-24 11:32:05 [info]: POST /createaccount
2024-07-24 11:32:05 [info]: Account created for mera@gmail.com
2024-07-29 08:37:57 [info]: Server is running on port 3000
2024-07-29T03:07:58.062Z info: Connected to the database
2024-07-29 08:40:48 [info]: Server is running on port 3000
2024-07-29T03:10:48.535Z info: Connected to the database
2024-07-29 08:43:33 [info]: POST /login
2024-07-29 08:43:33 [info]: Incoming POST request to /login: {"email":"tdivyatripathi@gmail.com","password":"abcd"}
2024-07-29 08:48:57 [info]: Server is running on port 3000
2024-07-29T03:18:57.729Z info: Connected to the database
2024-07-29 08:49:12 [info]: Server is running on port 4000
2024-07-29T03:19:12.454Z info: Connected to the database
2024-07-29 08:52:56 [info]: Server is running on port 4000
2024-07-29T03:22:56.091Z info: Connected to the database
2024-07-29 08:58:27 [info]: GET /createaccount
2024-07-29 09:01:08 [info]: Server is running on port 3000
2024-07-29T03:31:08.972Z info: Connected to the database
2024-07-29 09:05:24 [info]: Server is running on port 3000
2024-07-29T03:35:24.456Z info: Connected to the database
2024-07-29 09:08:30 [info]: POST /login
2024-07-29 09:08:30 [info]: Incoming POST request to /login: {"email":"tdivyatripathi@gmail.com","password":"abcd"}
2024-07-29 09:11:25 [info]: POST /login
2024-07-29 09:11:25 [info]: Incoming POST request to /login: {"email":"tdivyatripathi@gmail.com","password":"abcd"}
2024-07-29 09:12:14 [info]: POST /login
2024-07-29 09:12:14 [info]: Incoming POST request to /login: {"email":"tdivyatripathi@gmail.com","password":"abcd"}
2024-07-29 09:14:20 [info]: POST /login
2024-07-29 09:14:20 [info]: Incoming POST request to /login: {"email":"tdivyatripathi@gmail.com","password":"abcd"}
2024-07-29 09:16:16 [info]: POST /login
2024-07-29 09:16:16 [info]: Incoming POST request to /login: {"email":"tdivyatripathi@gmail.com","password":"abcd"}
2024-07-29 09:22:51 [info]: POST /login
2024-07-29 09:22:51 [info]: Incoming POST request to /login: {"email":"tdivyatripathi@gmail.com","password":"abcd"}
2024-07-29 09:27:12 [info]: POST /login
2024-07-29 09:27:12 [info]: Incoming POST request to /login: {"email":"tdivyatripathi@gmail.com","password":"abcd"}
2024-07-29 10:17:04 [info]: Server is running on port 3000
2024-07-29T04:47:04.644Z info: Connected to the database
2024-07-29 10:44:44 [info]: Server is running on port 3000
2024-07-29T05:14:44.413Z info: Connected to the database
2024-07-29 11:57:59 [info]: Server is running on port 3000
2024-07-29T06:27:59.074Z info: Connected to the database
2024-07-29 12:07:03 [info]: Server is running on port 3000
2024-07-29T06:37:03.806Z info: Connected to the database
2024-07-29 12:09:01 [info]: Server is running on port 3000
2024-07-29T06:39:01.098Z info: Connected to the database
2024-07-29 12:20:43 [info]: Server is running on port 3000
2024-07-29T06:50:43.076Z info: Connected to the database
2024-07-30 08:27:42 [info]: Server is running on port 3000
2024-07-30T02:57:42.812Z info: Connected to the database
2024-07-30 08:32:55 [info]: POST /login
2024-07-30 08:32:55 [info]: Incoming POST request to /login: {"email":"tdivyatripathi@gmail.com","password":"abcd"}
2024-07-30 08:50:26 [info]: POST /login
2024-07-30 08:50:26 [info]: Incoming POST request to /login: {"email":"tdivyatripathi@gmail.com","password":"abcd"}
2024-07-30 09:23:22 [info]: Server is running on port 3000
2024-07-30T03:53:22.326Z info: Connected to the database
2024-07-30 09:25:02 [info]: Server is running on port 3000
2024-07-30T03:55:02.958Z info: Connected to the database
2024-07-30 09:29:40 [info]: Server is running on port 3000
2024-07-30T03:59:40.539Z info: Connected to the database
2024-07-30 09:32:56 [info]: Server is running on port 3000
2024-07-30T04:02:56.961Z info: Connected to the database
2024-07-30 09:37:33 [info]: GET /login
2024-07-30 09:40:00 [info]: POST /login
2024-07-30 09:40:00 [info]: Incoming POST request to /login: {"email":"tdivyatripathi@gmail.com","password":"abcd"}
2024-07-30 09:47:15 [info]: POST /login
2024-07-30 09:47:15 [info]: Incoming POST request to /login: {"email":"tdivyatripathi@gmail.com","password":"abcd"}
2024-07-30 09:51:54 [info]: POST /login
2024-07-30 09:51:54 [info]: Incoming POST request to /login: {"email":"tdivyatripathi@gmail.com","password":"abcd"}
2024-07-30 09:52:08 [info]: POST /login
2024-07-30 09:52:08 [info]: Incoming POST request to /login: {"email":"tdivyatripathi@gmail.com","password":"abcd"}
2024-07-30 09:55:12 [info]: POST /login
2024-07-30 09:55:12 [info]: Incoming POST request to /login: {"email":"tdivyatripathi@gmail.com","password":"abcd"}
2024-07-30 09:55:20 [info]: POST /login
2024-07-30 09:55:20 [info]: Incoming POST request to /login: {"email":"tdivyatripathi@gmail.com","password":"abcd"}
2024-07-30 09:58:11 [info]: POST /login
2024-07-30 09:58:11 [info]: Incoming POST request to /login: {"email":"tdivyatripathi@gmail.com","password":"abcd"}
2024-07-30 09:58:36 [info]: POST /login
2024-07-30 09:58:36 [info]: Incoming POST request to /login: {"email":"tdivyatripathi@gmail.com","password":"abcd"}
2024-07-30 09:59:15 [info]: POST /login
2024-07-30 09:59:15 [info]: Incoming POST request to /login: {"email":"tdivyatripathi@gmail.com","password":"abcd"}
2024-07-30 09:59:19 [info]: POST /login
2024-07-30 09:59:19 [info]: Incoming POST request to /login: {"email":"tdivyatripathi@gmail.com","password":"abcd"}
2024-07-30 09:59:19 [info]: POST /login
2024-07-30 09:59:19 [info]: Incoming POST request to /login: {"email":"tdivyatripathi@gmail.com","password":"abcd"}
2024-07-30 10:04:14 [info]: POST /login
2024-07-30 10:04:14 [info]: Incoming POST request to /login: {"email":"tdivyatripathi@gmail.com","password":"abcd"}
2024-07-30 10:07:40 [info]: POST /login
2024-07-30 10:07:40 [info]: Incoming POST request to /login: {"email":"tdivyatripathi@gmail.com","password":"abcd"}
2024-07-30 10:08:14 [info]: POST /login
2024-07-30 10:08:14 [info]: Incoming POST request to /login: {"email":"tdivyatripathi@gmail.com","password":"abcd"}
2024-07-30 10:08:49 [info]: POST /login
2024-07-30 10:08:49 [info]: Incoming POST request to /login: {"email":"tdivyatripathi@gmail.com","password":"abcd"}
2024-07-30 10:12:51 [info]: POST /login
2024-07-30 10:12:51 [info]: Incoming POST request to /login: {"email":"tdivyatripathi@gmail.com","password":"abcd"}
2024-07-30 10:12:51 [info]: POST /login
2024-07-30 10:12:51 [info]: Incoming POST request to /login: {"email":"tdivyatripathi@gmail.com","password":"abcd"}
2024-07-30 10:15:27 [info]: Server is running on port 3000
2024-07-30T04:45:27.135Z info: Connected to the database
2024-07-30 11:33:31 [info]: Server is running on port 3000
2024-07-30T06:03:32.006Z info: Connected to the database
2024-07-30 11:34:42 [info]: POST /login
2024-07-30 11:34:42 [info]: Incoming POST request to /login: {"email":"tdivyatripathi@gmail.com","password":"abcd"}
2024-07-30 11:38:26 [info]: POST /login
2024-07-30 11:38:26 [info]: Incoming POST request to /login: {"email":"tdivyatripathi@gmail.com","password":"abcd"}
2024-07-30 11:47:22 [info]: Server is running on port 3000
2024-07-30T06:17:22.070Z info: Connected to the database
2024-07-30 11:48:24 [info]: POST /login
2024-07-30 11:48:24 [info]: Incoming POST request to /login: {"email":"tdivyatripathi@gmail.com","password":"abcd"}
2024-07-30 11:54:37 [info]: Server is running on port 3000
2024-07-30T06:24:37.953Z info: Connected to the database
2024-07-30 11:55:43 [info]: POST /login
2024-07-30 11:55:43 [info]: Incoming POST request to /login: {"email":"tdivyatripathi@gmail.com","password":"abcd"}
2024-07-30 12:02:35 [info]: Server is running on port 3000
2024-07-30T06:32:35.870Z info: Connected to the database
2024-07-30 12:05:13 [info]: POST /login
2024-07-30 12:05:13 [info]: Incoming POST request to /login: {"email":"tdivyatripathi@gmail.com","password":"abcd"}
2024-07-30 14:27:14 [info]: Server is running on port 4000
2024-07-30T08:57:14.988Z info: Connected to the database
2024-07-30 14:29:35 [info]: POST /createaccount
2024-07-30 14:29:35 [info]: Account created for tera@gmail.com
2024-07-30 14:34:33 [info]: Server is running on port 3000
2024-07-30T09:04:33.606Z info: Connected to the database
2024-07-30 14:45:12 [info]: POST /login
2024-07-30 14:45:12 [info]: Incoming POST request to /login: {"email":"tdivyatripathi@gmail.com","password":"abcd"}
2024-07-30 14:55:53 [info]: Server is running on port 3000
2024-07-30T09:25:53.788Z info: Connected to the database
2024-07-30 14:58:39 [info]: POST /login
2024-07-30 14:58:39 [info]: Incoming POST request to /login: {"email":"tdivyatripathi@gmail.com","password":"abcd"}
2024-07-30 15:00:28 [info]: POST /login
2024-07-30 15:00:28 [info]: Incoming POST request to /login: {"email":"tdivyatripathi@gmail.com","password":"abcd"}
2024-07-30 15:09:28 [info]: Server is running on port 3000
2024-07-30T09:39:28.032Z info: Connected to the database
2024-07-30 15:14:00 [info]: POST /login
2024-07-30 15:14:00 [info]: Incoming POST request to /login: {"email":"tdivyatripathi@gmail.com","password":"abcd"}
2024-07-30 15:38:55 [info]: POST /login
2024-07-30 15:38:55 [info]: Incoming POST request to /login: {"email":"tdivyatripathi@gmail.com","password":"abcd"}
2024-07-30 15:51:11 [info]: POST /login
2024-07-30 15:51:11 [info]: Incoming POST request to /login: {"email":"tdivyatripathi@gmail.com","password":"abcd"}
2024-07-30 15:54:27 [info]: POST /login
2024-07-30 15:54:27 [info]: Incoming POST request to /login: {"email":"tdivyatripathi@gmail.com","password":"abcd"}
2024-08-01 08:37:53 [info]: Server is running on port 3000
2024-08-01T03:07:53.655Z info: Connected to the database
2024-08-01 08:41:47 [info]: POST /login
2024-08-01 08:41:47 [info]: Incoming POST request to /login: {"email":"tdivyatripathi@gmail.com","password":"abcd"}
2024-08-01 09:01:20 [info]: Server is running on port 3000
2024-08-01T03:31:20.480Z info: Connected to the database
2024-08-01 09:22:56 [info]: POST /login
2024-08-01 09:22:56 [info]: Incoming POST request to /login: {"email":"tdivyatripathi@gmail.com","password":"abcd"}
2024-08-01 10:35:46 [info]: POST /login
2024-08-01 10:35:46 [info]: Incoming POST request to /login: {"email":"tdivyatripathi@gmail.com","password":"abcd"}
2024-08-01 10:41:16 [info]: POST /login
2024-08-01 10:41:16 [info]: Incoming POST request to /login: {"email":"tdivyatripathi@gmail.com","password":"abcd"}
2024-08-01 10:50:43 [info]: POST /login
2024-08-01 10:50:43 [info]: Incoming POST request to /login: {"email":"tdivyatripathi@gmail.com","password":"abcd"}
2024-08-01 10:56:51 [info]: POST /login
2024-08-01 10:56:51 [info]: Incoming POST request to /login: {"email":"tdivyatripathi@gmail.com","password":"abcd"}
2024-08-01 11:05:49 [info]: POST /login
2024-08-01 11:05:49 [info]: Incoming POST request to /login: {"email":"tdivyatripathi@gmail.com","password":"abcd"}
2024-08-01 11:12:38 [info]: POST /login
2024-08-01 11:12:38 [info]: Incoming POST request to /login: {"email":"tdivyatripathi@gmail.com","password":"abcd"}
2024-08-01 11:15:53 [info]: POST /login
2024-08-01 11:15:53 [info]: Incoming POST request to /login: {"email":"tdivyatripathi@gmail.com","password":"abcd"}
2024-08-01 11:19:15 [info]: POST /login
2024-08-01 11:19:15 [info]: Incoming POST request to /login: {"email":"tdivyatripathi@gmail.com","password":"abcd"}
2024-08-01 11:23:42 [info]: POST /login
2024-08-01 11:23:42 [info]: Incoming POST request to /login: {"email":"tdivyatripathi@gmail.com","password":"abcd"}
2024-08-01 11:26:54 [info]: POST /login
2024-08-01 11:26:54 [info]: Incoming POST request to /login: {"email":"tdivyatripathi@gmail.com","password":"abcd"}
2024-08-01 11:31:42 [info]: POST /login
2024-08-01 11:31:42 [info]: Incoming POST request to /login: {"email":"tdivyatripathi@gmail.com","password":"abcd"}
2024-08-01 11:32:48 [info]: POST /login
2024-08-01 11:32:48 [info]: Incoming POST request to /login: {"email":"tdivyatripathi@gmail.com","password":"abcd"}
2024-08-01 11:37:53 [info]: POST /login
2024-08-01 11:37:53 [info]: Incoming POST request to /login: {"email":"tdivyatripathi@gmail.com","password":"abcd"}
2024-08-01 11:43:10 [info]: POST /login
2024-08-01 11:43:10 [info]: Incoming POST request to /login: {"email":"tdivyatripathi@gmail.com","password":"abcd"}
2024-08-01 11:46:34 [info]: POST /login
2024-08-01 11:46:34 [info]: Incoming POST request to /login: {"email":"tdivyatripathi@gmail.com","password":"abcd"}
2024-08-01 11:55:39 [info]: POST /login
2024-08-01 11:55:39 [info]: Incoming POST request to /login: {"email":"tdivyatripathi@gmail.com","password":"abcd"}
2024-08-01 12:00:17 [info]: POST /login
2024-08-01 12:00:17 [info]: Incoming POST request to /login: {"email":"tdivyatripathi@gmail.com","password":"abcd"}
2024-08-01 12:01:30 [info]: POST /login
2024-08-01 12:01:30 [info]: Incoming POST request to /login: {"email":"tdivyatripathi@gmail.com","password":"abcd"}
2024-08-01 12:03:53 [info]: POST /login
2024-08-01 12:03:53 [info]: Incoming POST request to /login: {"email":"tdivyatripathi@gmail.com","password":"abcd"}
2024-08-01 12:14:00 [info]: POST /login
2024-08-01 12:14:00 [info]: Incoming POST request to /login: {"email":"tdivyatripathi@gmail.com","password":"abcd"}
2024-08-01 12:19:23 [info]: POST /login
2024-08-01 12:19:23 [info]: Incoming POST request to /login: {"email":"tdivyatripathi@gmail.com","password":"abcd"}
2024-08-01 12:22:27 [info]: POST /login
2024-08-01 12:22:27 [info]: Incoming POST request to /login: {"email":"tdivyatripathi@gmail.com","password":"abcd"}
2024-08-01 14:18:24 [info]: Server is running on port 3000
2024-08-01T08:48:24.679Z info: Connected to the database
2024-08-01 14:20:58 [info]: POST /login
2024-08-01 14:20:58 [info]: Incoming POST request to /login: {"email":"tdivyatripathi@gmail.com","password":"abcd"}
2024-08-01 14:27:51 [info]: POST /login
2024-08-01 14:27:51 [info]: Incoming POST request to /login: {"email":"tdivyatripathi@gmail.com","password":"abcd"}
2024-08-01 14:31:10 [info]: Server is running on port 3000
2024-08-01T09:01:10.277Z info: Connected to the database
2024-08-01 14:34:25 [info]: POST /login
2024-08-01 14:34:25 [info]: Incoming POST request to /login: {"email":"tdivyatripathi@gmail.com","password":"abcd"}
2024-08-01 14:38:33 [info]: POST /login
2024-08-01 14:38:33 [info]: Incoming POST request to /login: {"email":"tdivyatripathi@gmail.com","password":"abcd"}
2024-08-01 14:40:41 [info]: POST /login
2024-08-01 14:40:41 [info]: Incoming POST request to /login: {"email":"tdivyatripathi@gmail.com","password":"abcd"}
2024-08-01 14:51:19 [info]: POST /login
2024-08-01 14:51:19 [info]: Incoming POST request to /login: {"email":"tdivyatripathi@gmail.com","password":"abcd"}
2024-08-01 14:54:30 [info]: POST /login
2024-08-01 14:54:30 [info]: Incoming POST request to /login: {"email":"tdivyatripathi@gmail.com","password":"abcd"}
2024-08-01 14:57:16 [info]: POST /login
2024-08-01 14:57:16 [info]: Incoming POST request to /login: {"email":"tdivyatripathi@gmail.com","password":"abcd"}
2024-08-01 14:59:29 [info]: POST /login
2024-08-01 14:59:29 [info]: Incoming POST request to /login: {"email":"tdivyatripathi@gmail.com","password":"abcd"}
2024-08-01 15:00:51 [info]: POST /login
2024-08-01 15:00:51 [info]: Incoming POST request to /login: {"email":"tdivyatripathi@gmail.com","password":"abcd"}
2024-08-01 15:04:29 [info]: Server is running on port 3000
2024-08-01T09:34:29.091Z info: Connected to the database
2024-08-01 15:06:04 [info]: POST /login
2024-08-01 15:06:04 [info]: Incoming POST request to /login: {"email":"tdivyatripathi@gmail.com","password":"abcd"}
2024-08-01 15:11:23 [info]: POST /login
2024-08-01 15:11:23 [info]: Incoming POST request to /login: {"email":"tdivyatripathi@gmail.com","password":"abcd"}
2024-08-01 15:13:25 [info]: POST /login
2024-08-01 15:13:25 [info]: Incoming POST request to /login: {"email":"tdivyatripathi@gmail.com","password":"abcd"}
2024-08-01 15:15:34 [info]: POST /login
2024-08-01 15:15:34 [info]: Incoming POST request to /login: {"email":"tdivyatripathi@gmail.com","password":"abcd"}
2024-08-01 15:19:02 [info]: POST /login
2024-08-01 15:19:02 [info]: Incoming POST request to /login: {"email":"tdivyatripathi@gmail.com","password":"abcd"}
2024-08-01 15:20:56 [info]: POST /login
2024-08-01 15:20:56 [info]: Incoming POST request to /login: {"email":"tdivyatripathi@gmail.com","password":"abcd"}
2024-08-01 15:29:23 [info]: POST /login
2024-08-01 15:29:23 [info]: Incoming POST request to /login: {"email":"tdivyatripathi@gmail.com","password":"abcd"}
2024-08-01 15:36:27 [info]: Server is running on port 3000
2024-08-01T10:06:27.450Z info: Connected to the database
2024-08-01 15:42:30 [info]: POST /login
2024-08-01 15:42:30 [info]: Incoming POST request to /login: {"email":"tdivyatripathi@gmail.com","password":"abcd"}
2024-08-01 15:46:01 [info]: POST /login
2024-08-01 15:46:01 [info]: Incoming POST request to /login: {"email":"tdivyatripathi@gmail.com","password":"abcd"}
2024-08-01 15:49:10 [info]: POST /login
2024-08-01 15:49:10 [info]: Incoming POST request to /login: {"email":"tdivyatripathi@gmail.com","password":"abcd"}
2024-08-01 16:00:50 [info]: POST /login
2024-08-01 16:00:50 [info]: Incoming POST request to /login: {"email":"tdivyatripathi@gmail.com","password":"abcd"}
2024-08-01 16:02:00 [info]: POST /login
2024-08-01 16:02:00 [info]: Incoming POST request to /login: {"email":"tdivyatripathi@gmail.com","password":"abcd"}
2024-08-01 16:06:47 [info]: POST /login
2024-08-01 16:06:47 [info]: Incoming POST request to /login: {"email":"tdivyatripathi@gmail.com","password":"abcd"}
2024-08-01 16:34:41 [info]: POST /login
2024-08-01 16:34:41 [info]: Incoming POST request to /login: {"email":"tdivyatripathi@gmail.com","password":"abcd"}
2024-08-01 16:43:19 [info]: POST /login
2024-08-01 16:43:19 [info]: Incoming POST request to /login: {"email":"tdivyatripathi@gmail.com","password":"abcd"}
2024-08-01 16:43:58 [info]: POST /login
2024-08-01 16:43:58 [info]: Incoming POST request to /login: {"email":"tdivyatripathi@gmail.com","password":"abcd"}
2024-08-01 16:48:17 [info]: POST /login
2024-08-01 16:48:17 [info]: Incoming POST request to /login: {"email":"tdivyatripathi@gmail.com","password":"abcd"}
2024-08-01 16:50:19 [info]: POST /login
2024-08-01 16:50:19 [info]: Incoming POST request to /login: {"email":"tdivyatripathi@gmail.com","password":"abcd"}
2024-08-01 16:55:21 [info]: Server is running on port 3000
2024-08-01T11:25:21.428Z info: Connected to the database
2024-08-01 16:57:18 [info]: POST /login
2024-08-01 16:57:18 [info]: Incoming POST request to /login: {"email":"tdivyatripathi@gmail.com","password":"abcd"}
2024-08-01 17:05:31 [info]: Server is running on port 3000
2024-08-01T11:35:31.627Z info: Connected to the database
2024-08-01 17:07:20 [info]: POST /login
2024-08-01 17:07:20 [info]: Incoming POST request to /login: {"email":"tdivyatripathi@gmail.com","password":"abcd"}
2024-08-01 17:25:32 [info]: POST /login
2024-08-01 17:25:32 [info]: Incoming POST request to /login: {"email":"tdivyatripathi@gmail.com","password":"abcd"}
2024-08-01 17:27:07 [info]: POST /login
2024-08-01 17:27:07 [info]: Incoming POST request to /login: {"email":"didi@gmail.com","password":"didi"}
2024-08-01 17:27:22 [info]: POST /login
2024-08-01 17:27:22 [info]: Incoming POST request to /login: {"email":"tdivyatripathi@gmail.com","password":"abcd"}
2024-08-02 08:26:07 [info]: Server is running on port 3000
2024-08-02T02:56:07.233Z info: Connected to the database
2024-08-02 08:30:27 [info]: POST /login
2024-08-02 08:30:27 [info]: Incoming POST request to /login: {"email":"tdivyatripathi@gmail.com","password":"abcd"}
2024-08-02 08:34:35 [info]: POST /login
2024-08-02 08:34:35 [info]: Incoming POST request to /login: {"email":"tdivyatripathi@gmail.com","password":"abcd"}
2024-08-02 08:40:19 [info]: POST /login
2024-08-02 08:40:19 [info]: Incoming POST request to /login: {"email":"tdivyatripathi@gmail.com","password":"abcd"}
2024-08-02 09:15:47 [info]: Server is running on port 3000
2024-08-02T03:45:47.439Z info: Connected to the database
2024-08-02 09:17:13 [info]: POST /login
2024-08-02 09:17:13 [info]: Incoming POST request to /login: {"email":"tdivyatripathi@gmail.com","password":"abcd"}
2024-08-02 09:17:34 [info]: POST /createaccount
2024-08-02 09:17:34 [info]: Account created for babu@gmail.com
2024-08-02 09:19:55 [info]: POST /login
2024-08-02 09:19:55 [info]: Incoming POST request to /login: {"email":"babu@gmail.com","password":"babu"}
2024-08-02 09:20:15 [info]: POST /login
2024-08-02 09:20:15 [info]: Incoming POST request to /login: {"email":"tdivyatripathi@gmail.com","password":"abcd"}
2024-08-02 09:22:14 [info]: POST /login
2024-08-02 09:22:14 [info]: Incoming POST request to /login: {"email":"tdivyatripathi@gmail.com","password":"abcd"}
2024-08-02 09:29:47 [info]: POST /login
2024-08-02 09:29:47 [info]: Incoming POST request to /login: {"email":"","password":""}
2024-08-02 09:32:41 [info]: POST /login
2024-08-02 09:32:41 [info]: Incoming POST request to /login: {"email":"tdivyatripathi@gmail.com","password":"abcd"}
2024-08-02 09:33:53 [info]: POST /login
2024-08-02 09:33:53 [info]: Incoming POST request to /login: {"email":"tdivyatripathi@gmail.com","password":"abcd"}
2024-08-02 09:34:43 [info]: POST /login
2024-08-02 09:34:43 [info]: Incoming POST request to /login: {"email":"tdivyatripathi@gmail.com","password":"abcd"}
2024-08-02 09:39:20 [info]: POST /login
2024-08-02 09:39:20 [info]: Incoming POST request to /login: {"email":"tdivyatripathi@gmail.com","password":"abcd"}
2024-08-02 09:39:46 [info]: POST /createaccount
2024-08-02 09:39:46 [info]: Account created for gadha@gmail.com
2024-08-02 10:20:31 [info]: Server is running on port 3000
2024-08-02T04:50:31.961Z info: Connected to the database
2024-08-02 10:21:03 [info]: Server is running on port 3000
2024-08-02T04:51:03.495Z info: Connected to the database
2024-08-02 10:30:01 [info]: Server is running on port 3000
2024-08-02T05:00:01.710Z info: Connected to the database
2024-08-02 10:35:58 [info]: POST /login
2024-08-02 10:35:58 [info]: Incoming POST request to /login: {"email":"tdivyatripathi@gmail.com","password":"abcd"}
2024-08-02 10:41:42 [info]: POST /login
2024-08-02 10:41:42 [info]: Incoming POST request to /login: {"email":"tdtdivyatripathi@gmail.com","password":"abcd"}
2024-08-02 10:42:10 [info]: POST /createaccount
2024-08-02 10:42:10 [info]: Account created for tdtdivyatripathi@gmail.com
2024-08-02 10:43:25 [info]: POST /login
2024-08-02 10:43:25 [info]: Incoming POST request to /login: {"email":"tera@gmail.com","password":"tera"}
2024-08-02 10:44:01 [info]: POST /login
2024-08-02 10:44:01 [info]: Incoming POST request to /login: {"email":"tdivyatripathi@gmail.com@gmail.com","password":"abcd"}
2024-08-02 10:44:22 [info]: POST /login
2024-08-02 10:44:22 [info]: Incoming POST request to /login: {"email":"tdtdivyatripathi@gmail.com","password":"abcd"}
2024-08-02 10:45:12 [info]: POST /login
2024-08-02 10:45:12 [info]: Incoming POST request to /login: {"email":"tdtdivyatripathi@gmail.com","password":"abcd"}
2024-08-02 10:48:38 [info]: POST /login
2024-08-02 10:48:38 [info]: Incoming POST request to /login: {"email":"tdivyatripathi@gmail.com","password":"abcd"}
2024-08-02 10:49:05 [info]: POST /createaccount
2024-08-02 10:49:05 [info]: Account created for buddhu@gmail.com
2024-08-02 11:07:17 [info]: Server is running on port 3000
2024-08-02T05:37:17.190Z info: Connected to the database
2024-08-02 11:17:59 [info]: Server is running on port 3000
2024-08-02T05:47:59.937Z info: Connected to the database
2024-08-02 11:20:49 [info]: Server is running on port 3000
2024-08-02T05:50:49.160Z info: Connected to the database
2024-08-02 11:23:02 [info]: POST /login
2024-08-02 11:23:02 [info]: Incoming POST request to /login: {"email":"tdivyatripathi@gmail.com","password":"abcd"}
2024-08-02 11:23:50 [info]: POST /createaccount
2024-08-02 11:23:50 [info]: Account created for helo@gmail.com
2024-08-02 11:24:14 [info]: POST /login
2024-08-02 11:24:14 [info]: Incoming POST request to /login: {"email":"helo@gmail.com","password":"helo"}
2024-08-02 11:24:31 [info]: POST /login
2024-08-02 11:24:31 [info]: Incoming POST request to /login: {"email":"tdivyatripathi@gmail.com","password":"abcd"}
2024-08-02 11:30:29 [info]: POST /login
2024-08-02 11:30:29 [info]: Incoming POST request to /login: {"email":"gadha@gmail.com","password":"gadha"}
2024-08-02 11:30:51 [info]: POST /login
2024-08-02 11:30:51 [info]: Incoming POST request to /login: {"email":"tdivyatripathi@gmail.com","password":"abcd"}
2024-08-02 11:31:37 [info]: POST /createaccount
2024-08-02 11:31:37 [info]: Account created for divya@gmail.com
2024-08-02 11:32:41 [info]: Server is running on port 3000
2024-08-02T06:02:41.882Z info: Connected to the database
2024-08-02 11:34:53 [info]: POST /login
2024-08-02 11:34:53 [info]: Incoming POST request to /login: {"email":"tera@gmail.com","password":"tera"}
2024-08-02 11:38:25 [info]: POST /login
2024-08-02 11:38:25 [info]: Incoming POST request to /login: {"email":"tera@gmail.com","password":"tera"}
2024-08-02 11:42:35 [info]: POST /login
2024-08-02 11:42:35 [info]: Incoming POST request to /login: {"email":"tera@gmail.com","password":"tera"}
2024-08-02 11:42:55 [info]: POST /login
2024-08-02 11:42:55 [info]: Incoming POST request to /login: {"email":"tera@gmail.com","password":"tera"}
2024-08-02 11:43:55 [info]: POST /login
2024-08-02 11:43:55 [info]: Incoming POST request to /login: {"email":"tera@gmail.com","password":"tera"}
2024-08-02 11:44:06 [info]: POST /login
2024-08-02 11:44:06 [info]: Incoming POST request to /login: {"email":"tera@gmail.com","password":"tera"}
2024-08-02 11:45:22 [info]: POST /login
2024-08-02 11:45:22 [info]: Incoming POST request to /login: {"email":"tera@gmail.com","password":"tera"}
2024-08-02 14:17:20 [info]: Server is running on port 3000
2024-08-02T08:47:20.331Z info: Connected to the database
2024-08-02 14:24:50 [info]: Server is running on port 3000
2024-08-02T08:54:50.861Z info: Connected to the database
2024-08-02 14:30:52 [info]: Server is running on port 3000
2024-08-02T09:00:52.091Z info: Connected to the database
2024-08-02 14:37:18 [info]: POST /login
2024-08-02 14:37:18 [info]: Incoming POST request to /login: {"email":"tera@gmail.com","password":"tera"}
2024-08-02 14:37:31 [info]: POST /createaccount
2024-08-02 14:37:31 [info]: Account created for tera@gmail.com
2024-08-02 14:37:39 [info]: POST /login
2024-08-02 14:37:39 [info]: Incoming POST request to /login: {"email":"tera@gmail.com","password":"tera"}
2024-08-02 14:44:37 [info]: POST /createaccount
2024-08-02 14:44:37 [info]: Account created for tera@gmail.com
2024-08-02 14:47:37 [info]: POST /createaccount
2024-08-02 14:47:37 [info]: Account created for tera@gmail.com
2024-08-02 14:50:53 [info]: Server is running on port 3000
2024-08-02T09:20:53.626Z info: Connected to the database
2024-08-02 14:52:06 [info]: POST /login
2024-08-02 14:52:06 [info]: Incoming POST request to /login: {"email":"tera@gmail.com","password":"tera"}
2024-08-02 14:56:57 [info]: Server is running on port 3000
2024-08-02T09:26:57.590Z info: Connected to the database
2024-08-02 14:58:52 [info]: POST /login
2024-08-02 14:58:52 [info]: Incoming POST request to /login: {"email":"tera@gmail.com","password":"tera"}
2024-08-02 15:06:49 [info]: POST /login
2024-08-02 15:06:49 [info]: Incoming POST request to /login: {"email":"tera@gmail.com","password":"tera"}
2024-08-02 15:08:35 [info]: POST /createaccount
2024-08-02 15:08:40 [info]: POST /login
2024-08-02 15:08:40 [info]: Incoming POST request to /login: {"email":"didi@gmail.com","password":"tera"}
2024-08-02 15:13:10 [info]: POST /login
2024-08-02 15:13:10 [info]: Incoming POST request to /login: {"email":"dummy@@gmail.com","password":"tera"}
2024-08-02 15:13:14 [info]: POST /createaccount
2024-08-02 15:13:14 [info]: Account created for dummy@@gmail.com
2024-08-02 15:16:29 [info]: POST /createaccount
2024-08-02 15:16:30 [info]: Account created for madhav@@@@gmail.cm
2024-08-02 15:16:51 [info]: POST /createaccount
2024-08-02 15:17:09 [info]: POST /createaccount
2024-08-02 15:32:41 [info]: POST /login
2024-08-02 15:32:41 [info]: Incoming POST request to /login: {"email":"dummy@gmail.com","password":"dummy"}
2024-08-02 15:33:27 [info]: POST /login
2024-08-02 15:33:27 [info]: Incoming POST request to /login: {"email":"1234@gmail.com","password":"123456789258q"}
2024-08-02 15:33:30 [info]: POST /createaccount
2024-08-02 15:33:30 [info]: Account created for 1234@gmail.com
2024-08-02 15:33:40 [info]: POST /login
2024-08-02 15:33:40 [info]: Incoming POST request to /login: {"email":"tata@gmail.com","password":"123456789258q"}
2024-08-02 15:33:43 [info]: POST /createaccount
2024-08-02 15:33:43 [info]: Account created for tata@gmail.com
2024-08-02 15:35:20 [info]: POST /createaccount
2024-08-02 15:36:31 [info]: POST /login
2024-08-02 15:36:31 [info]: Incoming POST request to /login: {"email":"tata@gmail.com","password":"tata"}
2024-08-02 15:38:21 [info]: POST /login
2024-08-02 15:38:21 [info]: Incoming POST request to /login: {"email":"tata@gmail.com","password":"tata"}
2024-08-02 15:39:51 [info]: POST /createaccount
2024-08-02 15:39:51 [info]: Account created for myacc@gmail.com
2024-08-02 15:40:09 [info]: POST /login
2024-08-02 15:40:09 [info]: Incoming POST request to /login: {"email":"myacc@gmail.com","password":"abcd1234567890"}
2024-08-02 15:41:16 [info]: POST /login
2024-08-02 15:41:16 [info]: Incoming POST request to /login: {"email":"myacc@gmail.com","password":"myacc@200312345"}
2024-08-02 15:42:09 [info]: POST /createaccount
2024-08-02 15:42:09 [info]: Account created for divya@gmail.com
2024-08-02 15:42:41 [info]: POST /login
2024-08-02 15:42:41 [info]: Incoming POST request to /login: {"email":"divya@gmail.com","password":"divya20031234"}
2024-08-02 15:44:24 [info]: POST /login
2024-08-02 15:44:24 [info]: Incoming POST request to /login: {"email":"myacc@gmail.com","password":"Divya@2003123456789"}
2024-08-02 15:50:30 [info]: POST /login
2024-08-02 15:50:30 [info]: Incoming POST request to /login: {"email":"divya@gmail.com","password":"divya20031234"}
2024-08-02 15:53:41 [info]: POST /login
2024-08-02 15:53:41 [info]: Incoming POST request to /login: {"email":"divya@gmail.com","password":"divya20031234"}
2024-08-02 16:09:59 [info]: POST /login
2024-08-02 16:09:59 [info]: Incoming POST request to /login: {"email":"myacc@gmail.com","password":"Divya@2003123456789"}
2024-08-02 16:10:23 [info]: Server is running on port 3000
2024-08-02T10:40:23.991Z info: Connected to the database
2024-08-02 16:13:08 [info]: POST /createaccount
2024-08-02 16:13:08 [info]: Account created for abcd@gmail.com
2024-08-02 16:15:34 [info]: POST /login
2024-08-02 16:15:34 [info]: Incoming POST request to /login: {"email":"abcd@gmail.com","password":"abcd@1234567890"}
2024-08-02 16:19:24 [info]: POST /login
2024-08-02 16:19:24 [info]: Incoming POST request to /login: {"email":"abcd@gmail.com","password":"abcd@1234567890"}
2024-08-02 16:59:27 [info]: POST /login
2024-08-02 16:59:27 [info]: Incoming POST request to /login: {"email":"abcd@gmail.com","password":"abcd@1234567890"}
2024-08-02 17:09:31 [info]: POST /login
2024-08-02 17:09:31 [info]: Incoming POST request to /login: {"email":"abcd@gmail.com","password":"abcd@1234567890"}
2024-08-02 17:14:56 [info]: POST /login
2024-08-02 17:14:56 [info]: Incoming POST request to /login: {"email":"divya@gmail.com","password":"divya20031234567890"}
2024-08-02 17:15:11 [info]: POST /login
2024-08-02 17:15:11 [info]: Incoming POST request to /login: {"email":"divya@gmail.com","password":"divya@20031234567890"}
2024-08-02 17:15:34 [info]: POST /login
2024-08-02 17:15:34 [info]: Incoming POST request to /login: {"email":"myapp@gmail.com","password":"myapp20031234567890"}
2024-08-02 17:15:59 [info]: POST /login
2024-08-02 17:15:59 [info]: Incoming POST request to /login: {"email":"abcd@gmail.com","password":"abcd@1234567890"}
2024-08-03 09:26:22 [info]: Server is running on port 3000
2024-08-03T03:56:22.747Z info: Connected to the database
2024-08-03 09:31:49 [info]: POST /login
2024-08-03 09:31:49 [info]: Incoming POST request to /login: {"email":"myacc@gmail.com","password":"myacc20031234567890"}
2024-08-03 09:32:18 [info]: POST /createaccount
2024-08-03 09:32:18 [info]: Account created for new@gmail.com
2024-08-03 09:32:35 [info]: POST /login
2024-08-03 09:32:35 [info]: Incoming POST request to /login: {"email":"new@gmail.com","password":"new1234567890"}
2024-08-03 09:37:25 [info]: POST /login
2024-08-03 09:37:25 [info]: Incoming POST request to /login: {"email":"new@gmail.com","password":"new1234567890"}
2024-08-03 09:39:37 [info]: POST /createaccount
2024-08-03 09:39:37 [info]: Account created for soni@gmail.com
2024-08-03 09:39:47 [info]: POST /login
2024-08-03 09:39:47 [info]: Incoming POST request to /login: {"email":"soni@gmail.com","password":"soni"}
2024-08-03 09:40:01 [info]: POST /login
2024-08-03 09:40:01 [info]: Incoming POST request to /login: {"email":"soni@gmail.com","password":"soni"}
2024-08-03 09:41:05 [info]: POST /createaccount
2024-08-03 09:41:11 [info]: POST /login
2024-08-03 09:41:11 [info]: Incoming POST request to /login: {"email":"soni@gmail.com","password":"soni"}
2024-08-03 09:44:12 [info]: POST /login
2024-08-03 09:44:12 [info]: Incoming POST request to /login: {"email":"soni@gmail.com","password":"soni"}
2024-08-03 10:15:40 [info]: POST /createaccount
2024-08-03 10:15:40 [info]: Account created for divyatripathi@gmail.com
2024-08-03 10:23:15 [info]: POST /createaccount
2024-08-03 10:23:41 [info]: POST /createaccount
2024-08-03 10:23:41 [info]: Account created for faltu@gmail.com
2024-08-03 10:29:58 [info]: POST /createaccount
2024-08-03 10:29:58 [info]: Account created for Aarti@gmail.com
2024-08-03 10:34:09 [info]: POST /login
2024-08-03 10:34:09 [info]: Incoming POST request to /login: {"email":"","password":""}
2024-08-03 10:37:54 [info]: POST /createaccount
2024-08-03 10:37:55 [info]: Account created for dummy@gmail.com
2024-08-03 10:52:45 [info]: POST /createaccount
2024-08-03 10:52:45 [info]: Account created for harshita@gmail.com
2024-08-03 10:54:25 [info]: POST /login
2024-08-03 10:54:25 [info]: Incoming POST request to /login: {"email":"harshita@gmail.com","password":"harshita1234"}
2024-08-03 11:03:59 [info]: POST /createaccount
2024-08-03 11:03:59 [info]: Account created for hello@gmail.com
2024-08-03 11:19:26 [info]: POST /createaccount
2024-08-03 11:19:26 [info]: Account created for hi@gmail.com
2024-08-03 14:32:44 [info]: Server is running on port 3000
2024-08-03T09:02:44.683Z info: Connected to the database
2024-08-03 14:38:19 [info]: POST /createaccount
2024-08-03 14:38:19 [info]: Account created for dummy@gmail.com
2024-08-03 14:53:50 [info]: POST /login
2024-08-03 14:53:50 [info]: Incoming POST request to /login: {"email":"dummy@gmail.com","password":"dummy1234567890"}
2024-08-03 14:54:19 [info]: POST /createaccount
2024-08-03 14:54:19 [info]: Account created for tdivyatripathi@gmail.com
2024-08-03 15:17:47 [info]: POST /login
2024-08-03 15:17:47 [info]: Incoming POST request to /login: {"email":"tdivyatripathi@gmail.com","password":"divya@2003"}
2024-08-03 15:21:14 [info]: POST /login
2024-08-03 15:21:14 [info]: Incoming POST request to /login: {"email":"tdivyatripathi@gmail.com","password":"abcd"}
2024-08-03 15:21:31 [info]: POST /login
2024-08-03 15:21:31 [info]: Incoming POST request to /login: {"email":"tdivyatripathi@gmail.com","password":"divya@2003"}
2024-08-03 15:26:45 [info]: POST /login
2024-08-03 15:26:45 [info]: Incoming POST request to /login: {"email":"tdivyatripathi@gmail.com","password":"divya@2003"}
2024-08-03 15:28:52 [info]: POST /login
2024-08-03 15:28:52 [info]: Incoming POST request to /login: {"email":"tdtivyatripathi@gmail.com","password":"divya@2003"}
2024-08-03 15:29:04 [info]: POST /login
2024-08-03 15:29:04 [info]: Incoming POST request to /login: {"email":"tdtivyatripathi@gmail.com","password":"divya@2003"}
2024-08-03 15:32:24 [info]: POST /login
2024-08-03 15:32:24 [info]: Incoming POST request to /login: {"email":"tdtivyatripathi@gmail.com","password":"divya@2003"}
2024-08-03 15:35:08 [info]: POST /login
2024-08-03 15:35:08 [info]: Incoming POST request to /login: {"email":"tdivyatripathi@gmail.com","password":"divya@2003"}
2024-08-03 15:36:00 [info]: POST /login
2024-08-03 15:36:00 [info]: Incoming POST request to /login: {"email":"tdivyatripathi@gmail.com","password":"divya@2003"}
2024-08-03 15:36:59 [info]: POST /login
2024-08-03 15:36:59 [info]: Incoming POST request to /login: {"email":"tdivyatripathi@gmail.com","password":"divya@2003"}
2024-08-03 15:40:16 [info]: POST /login
2024-08-03 15:40:16 [info]: Incoming POST request to /login: {"email":"tdivyatripathi@gmail.com","password":"divya@2003"}
2024-08-03 15:44:34 [info]: POST /login
2024-08-03 15:44:34 [info]: Incoming POST request to /login: {"email":"tdivyatripathi@gmail.com","password":"divya@2003"}
2024-08-03 15:47:24 [info]: Server is running on port 3000
2024-08-03T10:17:24.167Z info: Connected to the database
2024-08-03 15:53:42 [info]: Server is running on port 3000
2024-08-03T10:23:42.238Z info: Connected to the database
2024-08-03 16:01:29 [info]: Server is running on port 3000
2024-08-03T10:31:29.242Z info: Connected to the database
2024-08-03 16:06:11 [info]: Server is running on port 3000
2024-08-03T10:36:11.137Z info: Connected to the database
2024-08-03 16:09:09 [info]: POST /login
2024-08-03 16:09:09 [info]: Incoming POST request to /login: {"email":"tdivyatripathi@gmail.com","password":"divya@2003"}
2024-08-03 16:11:56 [info]: POST /login
2024-08-03 16:11:56 [info]: Incoming POST request to /login: {"email":"tdivyatripathi@gmail.com","password":"divya@2003"}
2024-08-03 16:13:18 [info]: POST /login
2024-08-03 16:13:18 [info]: Incoming POST request to /login: {"email":"tdivyatripathi@gmail.com","password":"divya@2003"}
2024-08-03 16:15:54 [info]: POST /login
2024-08-03 16:15:54 [info]: Incoming POST request to /login: {"email":"tdivyatripathi@gmail.com","password":"divya@2003"}
2024-08-03 16:17:28 [info]: POST /login
2024-08-03 16:17:28 [info]: Incoming POST request to /login: {"email":"tdivyatripathi@gmail.com","password":"divya@2003"}
2024-08-03 16:27:53 [info]: POST /login
2024-08-03 16:27:53 [info]: Incoming POST request to /login: {"email":"tdivyatripathi@gmail.com","password":"divya@2003"}
2024-08-03 16:34:34 [info]: POST /login
2024-08-03 16:34:34 [info]: Incoming POST request to /login: {"email":"tdivyatripathi@gmail.com","password":"divya@2003"}
2024-08-03 16:46:35 [info]: Server is running on port 3000
2024-08-03T11:16:35.301Z info: Connected to the database
2024-08-03 16:49:01 [info]: POST /login
2024-08-03 16:49:01 [info]: Incoming POST request to /login: {"email":"tdivyatripathi@gmail.com","password":"divya@2003"}
2024-08-03 16:50:06 [info]: Server is running on port 3000
2024-08-03T11:20:06.930Z info: Connected to the database
2024-08-03 16:56:05 [info]: POST /login
2024-08-03 16:56:05 [info]: Incoming POST request to /login: {"email":"tdivyatripathi@gmail.com","password":"divya@2003"}
2024-08-03 16:58:59 [info]: POST /login
2024-08-03 16:58:59 [info]: Incoming POST request to /login: {"email":"tdivyatripathi@gmail.com","password":"divya@2003"}
2024-08-03 17:02:46 [info]: POST /login
2024-08-03 17:02:46 [info]: Incoming POST request to /login: {"email":"tdivyatripathi@gmail.com","password":"divya@2003"}
2024-08-03 17:03:36 [info]: POST /login
2024-08-03 17:03:36 [info]: Incoming POST request to /login: {"email":"tdivyatripathi@gmail.com","password":"divya@2003"}
2024-08-03 17:06:41 [info]: POST /login
2024-08-03 17:06:41 [info]: Incoming POST request to /login: {"email":"tdivyatripathi@gmail.com","password":"divya@2003"}
2024-08-03 17:08:42 [info]: POST /login
2024-08-03 17:08:42 [info]: Incoming POST request to /login: {"email":"tdivyatripathi@gmail.com","password":"divya@2003"}
2024-08-03 17:11:57 [info]: POST /login
2024-08-03 17:11:57 [info]: Incoming POST request to /login: {"email":"tdivyatripathi@gmail.com","password":"divya@2003"}
2024-08-03 17:14:16 [info]: POST /login
2024-08-03 17:14:16 [info]: Incoming POST request to /login: {"email":"tdivyatripathi@gmail.com","password":"divya@2003"}
2024-08-03 17:15:29 [info]: POST /login
2024-08-03 17:15:29 [info]: Incoming POST request to /login: {"email":"tdivyatripathi@gmail.com","password":"divya@2003"}
2024-08-03 17:18:39 [info]: POST /login
2024-08-03 17:18:39 [info]: Incoming POST request to /login: {"email":"tdivyatripathi@gmail.com","password":"divya@2003"}
2024-08-03 17:19:21 [info]: Server is running on port 3000
2024-08-03T11:49:21.904Z info: Connected to the database
2024-08-03 17:21:16 [info]: POST /login
2024-08-03 17:21:16 [info]: Incoming POST request to /login: {"email":"tdivyatripathi@gmail.com","password":"divya@2003"}
2024-08-05 08:34:30 [info]: Server is running on port 3000
2024-08-05T03:04:30.851Z info: Connected to the database
2024-08-05 09:14:58 [info]: POST /createaccount
2024-08-05 09:14:58 [info]: Account created for divyatripathi@gmail.com
2024-08-05 09:15:30 [info]: POST /login
2024-08-05 09:15:30 [info]: Incoming POST request to /login: {"email":"divyatripathi@gmail.com","password":"divya@2003"}
2024-08-05 09:17:22 [info]: POST /login
2024-08-05 09:17:22 [info]: Incoming POST request to /login: {"email":"divyatripathi@gmail.com","password":"divya@2003"}
2024-08-05 09:20:26 [info]: POST /login
2024-08-05 09:20:26 [info]: Incoming POST request to /login: {"email":"divyatripathi@gmail.com","password":"divya@2003"}
2024-08-05 09:24:38 [info]: POST /login
2024-08-05 09:24:38 [info]: Incoming POST request to /login: {"email":"divyatripathi@gmail.com","password":"divya@2003"}
2024-08-05 09:25:36 [info]: POST /login
2024-08-05 09:25:36 [info]: Incoming POST request to /login: {"email":"divyatripathi@gmail.com","password":"divya@2003"}
2024-08-05 09:26:42 [info]: POST /login
2024-08-05 09:26:42 [info]: Incoming POST request to /login: {"email":"divyatripathi@gmail.com","password":"divya@2003"}
2024-08-05 09:28:17 [info]: POST /login
2024-08-05 09:28:17 [info]: Incoming POST request to /login: {"email":"divyatripathi@gmail.com","password":"divya@2003"}
2024-08-05 09:28:50 [info]: POST /login
2024-08-05 09:28:50 [info]: Incoming POST request to /login: {"email":"divyatripathi@gmail.com","password":"divya@2003"}
2024-08-05 09:29:42 [info]: POST /login
2024-08-05 09:29:42 [info]: Incoming POST request to /login: {"email":"divyatripathi@gmail.com","password":"divya@2003"}
2024-08-05 09:30:26 [info]: POST /login
2024-08-05 09:30:26 [info]: Incoming POST request to /login: {"email":"divyatripathi@gmail.com","password":"divya@2003"}
2024-08-05 09:30:56 [info]: POST /login
2024-08-05 09:30:56 [info]: Incoming POST request to /login: {"email":"divyatripathi@gmail.com","password":"divya@2003"}
2024-08-05 09:31:18 [info]: POST /login
2024-08-05 09:31:18 [info]: Incoming POST request to /login: {"email":"divyatripathi@gmail.com","password":"divya@2003"}
2024-08-05 09:31:49 [info]: POST /login
2024-08-05 09:31:49 [info]: Incoming POST request to /login: {"email":"divyatripathi@gmail.com","password":"divya@2003"}
2024-08-05 09:32:22 [info]: POST /login
2024-08-05 09:32:22 [info]: Incoming POST request to /login: {"email":"divyatripathi@gmail.com","password":"divya@2003"}
2024-08-05 09:32:48 [info]: POST /login
2024-08-05 09:32:48 [info]: Incoming POST request to /login: {"email":"divyatripathi@gmail.com","password":"divya@2003"}
2024-08-05 09:39:17 [info]: POST /login
2024-08-05 09:39:17 [info]: Incoming POST request to /login: {"email":"divyatripathi@gmail.com","password":"divya@2003"}
2024-08-05 09:40:04 [info]: POST /login
2024-08-05 09:40:04 [info]: Incoming POST request to /login: {"email":"divyatripathi@gmail.com","password":"divya@2003"}
2024-08-05 09:40:42 [info]: POST /login
2024-08-05 09:40:42 [info]: Incoming POST request to /login: {"email":"divyatripathi@gmail.com","password":"divya@2003"}
2024-08-05 09:41:30 [info]: POST /login
2024-08-05 09:41:30 [info]: Incoming POST request to /login: {"email":"divyatripathi@gmail.com","password":"divya@2003"}
2024-08-05 09:42:21 [info]: POST /login
2024-08-05 09:42:21 [info]: Incoming POST request to /login: {"email":"divyatripathi@gmail.com","password":"divya@2003"}
2024-08-05 09:43:17 [info]: POST /login
2024-08-05 09:43:17 [info]: Incoming POST request to /login: {"email":"divyatripathi@gmail.com","password":"divya@2003"}
2024-08-05 10:02:46 [info]: POST /login
2024-08-05 10:02:46 [info]: Incoming POST request to /login: {"email":"divyatripathi@gmail.com","password":"divya@2003"}
2024-08-05 10:03:24 [info]: POST /login
2024-08-05 10:03:24 [info]: Incoming POST request to /login: {"email":"divyatripathi@gmail.com","password":"divya@2003"}
2024-08-05 10:03:57 [info]: POST /login
2024-08-05 10:03:57 [info]: Incoming POST request to /login: {"email":"divyatripathi@gmail.com","password":"divya@2003"}
2024-08-05 10:04:41 [info]: POST /login
2024-08-05 10:04:41 [info]: Incoming POST request to /login: {"email":"divyatripathi@gmail.com","password":"divya@2003"}
2024-08-05 10:05:22 [info]: POST /login
2024-08-05 10:05:22 [info]: Incoming POST request to /login: {"email":"divyatripathi@gmail.com","password":"divya@2003"}
2024-08-05 10:12:24 [info]: Server is running on port 3000
2024-08-05T04:42:24.734Z info: Connected to the database
2024-08-05 10:16:34 [info]: POST /login
2024-08-05 10:16:34 [info]: Incoming POST request to /login: {"email":"divyatripathi@gmail.com","password":"divya@2003"}
